#
# There is insufficient memory for the Java Runtime Environment to continue.
# Native memory allocation (mmap) failed to map 58720256 bytes for Failed to commit area from 0x00000000c8c00000 to 0x00000000cc400000 of length 58720256.
# Possible reasons:
#   The system is out of physical RAM or swap space
#   The process is running with CompressedOops enabled, and the Java Heap may be blocking the growth of the native heap
# Possible solutions:
#   Reduce memory load on the system
#   Increase physical memory or swap space
#   Check if swap backing store is full
#   Decrease Java heap size (-Xmx/-Xms)
#   Decrease number of Java threads
#   Decrease Java thread stack sizes (-Xss)
#   Set larger code cache with -XX:ReservedCodeCacheSize=
# This output file may be truncated or incomplete.
#
#  Out of Memory Error (src/hotspot/os/windows/os_windows.cpp:3627), pid=15608, tid=9428
#
# JRE version:  (11.0.15) (build )
# Java VM: OpenJDK 64-Bit Server VM (11.0.15+0-b2043.56-9505619, mixed mode, sharing, tiered, compressed oops, g1 gc, windows-amd64)
# No core dump will be written. Minidumps are not enabled by default on client versions of Windows
#

---------------  S U M M A R Y ------------

Command Line: git4idea.http.GitAskPassApp Username for 'https://github.com': 

Host: AMD Ryzen 5 3500U with Radeon Vega Mobile Gfx  , 8 cores, 3G,  Windows 11 , 64 bit Build 22621 (10.0.22621.1344)
Time: Sat Apr  1 21:29:56 2023 Bangladesh Standard Time elapsed time: 0.160300 seconds (0d 0h 0m 0s)

---------------  T H R E A D  ---------------

Current thread (0x0000017947214000):  JavaThread "Unknown thread" [_thread_in_vm, id=9428, stack(0x000000332d100000,0x000000332d200000)]

Stack: [0x000000332d100000,0x000000332d200000]
Native frames: (J=compiled Java code, j=interpreted, Vv=VM code, C=native code)
V  [jvm.dll+0x64135a]
V  [jvm.dll+0x7d39f9]
V  [jvm.dll+0x7d51b9]
V  [jvm.dll+0x7d58a3]
V  [jvm.dll+0x2691c5]
V  [jvm.dll+0x63e4e9]
V  [jvm.dll+0x632985]
V  [jvm.dll+0x3231ac]
V  [jvm.dll+0x323032]
V  [jvm.dll+0x327c06]
V  [jvm.dll+0x36ffa2]
V  [jvm.dll+0x36fa01]
V  [jvm.dll+0x2fea28]
V  [jvm.dll+0x2ffb25]
V  [jvm.dll+0x7accd7]
V  [jvm.dll+0x7ae49f]
V  [jvm.dll+0x37d299]
V  [jvm.dll+0x78ef9f]
V  [jvm.dll+0x3ec847]
V  [jvm.dll+0x3eed31]
C  [jli.dll+0x52cb]
C  [ucrtbase.dll+0x29363]
C  [KERNEL32.DLL+0x126bd]
C  [ntdll.dll+0x5a9f8]


---------------  P R O C E S S  ---------------

Threads class SMR info:
_java_thread_list=0x0000017944f60e50, length=0, elements={
}

Java Threads: ( => current thread )

Other Threads:
  0x000001794722b000 GCTaskThread "GC Thread#0" [stack: 0x000000332d200000,0x000000332d300000] [id=1432]
  0x0000017947243800 ConcurrentGCThread "G1 Main Marker" [stack: 0x000000332d300000,0x000000332d400000] [id=13552]
  0x0000017947245800 ConcurrentGCThread "G1 Conc#0" [stack: 0x000000332d400000,0x000000332d500000] [id=15744]

[error occurred during error reporting (printing all threads), id 0xc0000005, EXCEPTION_ACCESS_VIOLATION (0xc0000005) at pc=0x00007ff9f570f3e7]

VM state:not at safepoint (not fully initialized)

VM Mutex/Monitor currently owned by a thread:  ([mutex/lock_event])
[0x00000179472107f0] Heap_lock - owner thread: 0x0000017947214000

Heap address: 0x00000000c8c00000, size: 884 MB, Compressed Oops mode: Non-zero based: 0x00000000c8c00000
Narrow klass base: 0x0000000000000000, Narrow klass shift: 0

GC Heap History (0 events):
No events

Deoptimization events (0 events):
No events

Classes redefined (0 events):
No events

Internal exceptions (0 events):
No events

Events (1 events):
Event: 0.014 Loaded shared library C:\Program Files\Android\Android Studio\jbr\bin\zip.dll


Dynamic libraries:
0x00007ff7299e0000 - 0x00007ff7299ea000 	C:\Program Files\Android\Android Studio\jbr\bin\java.exe
0x00007ffa9bc50000 - 0x00007ffa9be64000 	C:\WINDOWS\SYSTEM32\ntdll.dll
0x00007ffa9a540000 - 0x00007ffa9a603000 	C:\WINDOWS\System32\KERNEL32.DLL
0x00007ffa99390000 - 0x00007ffa9972c000 	C:\WINDOWS\System32\KERNELBASE.dll
0x00007ffa963b0000 - 0x00007ffa96447000 	C:\WINDOWS\SYSTEM32\apphelp.dll
0x00007ffa997d0000 - 0x00007ffa998e1000 	C:\WINDOWS\System32\ucrtbase.dll
0x00007ffa884c0000 - 0x00007ffa884d7000 	C:\Program Files\Android\Android Studio\jbr\bin\jli.dll
0x00007ffa79220000 - 0x00007ffa7923b000 	C:\Program Files\Android\Android Studio\jbr\bin\VCRUNTIME140.dll
0x00007ffa99ba0000 - 0x00007ffa99d4d000 	C:\WINDOWS\System32\USER32.dll
0x00007ffa87ce0000 - 0x00007ffa87f6e000 	C:\WINDOWS\WinSxS\amd64_microsoft.windows.common-controls_6595b64144ccf1df_6.0.22621.608_none_a9444ca7c10bb01d\COMCTL32.dll
0x00007ffa99100000 - 0x00007ffa99126000 	C:\WINDOWS\System32\win32u.dll
0x00007ffa9b580000 - 0x00007ffa9b627000 	C:\WINDOWS\System32\msvcrt.dll
0x00007ffa9b700000 - 0x00007ffa9b729000 	C:\WINDOWS\System32\GDI32.dll
0x00007ffa99130000 - 0x00007ffa99243000 	C:\WINDOWS\System32\gdi32full.dll
0x00007ffa99730000 - 0x00007ffa997ca000 	C:\WINDOWS\System32\msvcp_win.dll
0x00007ffa9b640000 - 0x00007ffa9b671000 	C:\WINDOWS\System32\IMM32.DLL
0x00007ffa964e0000 - 0x00007ffa964ec000 	C:\Program Files\Android\Android Studio\jbr\bin\vcruntime140_1.dll
0x00007ffa69e90000 - 0x00007ffa69f1d000 	C:\Program Files\Android\Android Studio\jbr\bin\msvcp140.dll
0x00007ff9f5400000 - 0x00007ff9f5fbc000 	C:\Program Files\Android\Android Studio\jbr\bin\server\jvm.dll
0x00007ffa9a670000 - 0x00007ffa9a71e000 	C:\WINDOWS\System32\ADVAPI32.dll
0x00007ffa9b960000 - 0x00007ffa9ba04000 	C:\WINDOWS\System32\sechost.dll
0x00007ffa9ba10000 - 0x00007ffa9bb25000 	C:\WINDOWS\System32\RPCRT4.dll
0x00007ffa9b630000 - 0x00007ffa9b638000 	C:\WINDOWS\System32\PSAPI.DLL
0x00007ffa91eb0000 - 0x00007ffa91ee4000 	C:\WINDOWS\SYSTEM32\WINMM.dll
0x00007ffa92a10000 - 0x00007ffa92a1a000 	C:\WINDOWS\SYSTEM32\VERSION.dll
0x00007ffa96530000 - 0x00007ffa96539000 	C:\WINDOWS\SYSTEM32\WSOCK32.dll
0x00007ffa9b680000 - 0x00007ffa9b6f1000 	C:\WINDOWS\System32\WS2_32.dll
0x00007ffa980e0000 - 0x00007ffa980f8000 	C:\WINDOWS\SYSTEM32\kernel.appcore.dll
0x00007ffa934e0000 - 0x00007ffa934f0000 	C:\Program Files\Android\Android Studio\jbr\bin\verify.dll
0x00007ffa91f10000 - 0x00007ffa9213e000 	C:\WINDOWS\SYSTEM32\DBGHELP.DLL
0x00007ffa9aef0000 - 0x00007ffa9b279000 	C:\WINDOWS\System32\combase.dll
0x00007ffa9bb30000 - 0x00007ffa9bc07000 	C:\WINDOWS\System32\OLEAUT32.dll
0x00007ffa85f50000 - 0x00007ffa85f82000 	C:\WINDOWS\SYSTEM32\dbgcore.DLL
0x00007ffa99250000 - 0x00007ffa992cb000 	C:\WINDOWS\System32\bcryptPrimitives.dll
0x00007ffa924b0000 - 0x00007ffa924d8000 	C:\Program Files\Android\Android Studio\jbr\bin\java.dll
0x00007ffa932d0000 - 0x00007ffa932da000 	C:\Program Files\Android\Android Studio\jbr\bin\jimage.dll
0x00007ffa92420000 - 0x00007ffa92438000 	C:\Program Files\Android\Android Studio\jbr\bin\zip.dll

dbghelp: loaded successfully - version: 4.0.5 - missing functions: none
symbol engine: initialized successfully - sym options: 0x614 - pdb path: .;C:\Program Files\Android\Android Studio\jbr\bin;C:\WINDOWS\SYSTEM32;C:\WINDOWS\WinSxS\amd64_microsoft.windows.common-controls_6595b64144ccf1df_6.0.22621.608_none_a9444ca7c10bb01d;C:\Program Files\Android\Android Studio\jbr\bin\server

VM Arguments:
java_command: git4idea.http.GitAskPassApp Username for 'https://github.com': 
java_class_path (initial): C:/Program Files/Android/Android Studio/plugins/git4idea/lib/git4idea-rt.jar;C:/Program Files/Android/Android Studio/lib/externalProcess-rt.jar;C:/Program Files/Android/Android Studio/lib/app.jar;C:/Program Files/Android/Android Studio/lib/3rd-party-rt.jar
Launcher Type: SUN_STANDARD

[Global flags]
     intx CICompilerCount                          = 4                                         {product} {ergonomic}
     uint ConcGCThreads                            = 2                                         {product} {ergonomic}
     uint G1ConcRefinementThreads                  = 8                                         {product} {ergonomic}
   size_t G1HeapRegionSize                         = 1048576                                   {product} {ergonomic}
    uintx GCDrainStackTargetSize                   = 64                                        {product} {ergonomic}
   size_t InitialHeapSize                          = 58720256                                  {product} {ergonomic}
   size_t MarkStackSize                            = 4194304                                   {product} {ergonomic}
   size_t MaxHeapSize                              = 926941184                                 {product} {ergonomic}
   size_t MinHeapDeltaBytes                        = 1048576                                   {product} {ergonomic}
    uintx NonNMethodCodeHeapSize                   = 5836300                                {pd product} {ergonomic}
    uintx NonProfiledCodeHeapSize                  = 122910970                              {pd product} {ergonomic}
    uintx ProfiledCodeHeapSize                     = 122910970                              {pd product} {ergonomic}
    uintx ReservedCodeCacheSize                    = 251658240                              {pd product} {ergonomic}
     bool SegmentedCodeCache                       = true                                      {product} {ergonomic}
     bool UseCompressedClassPointers               = true                                 {lp64_product} {ergonomic}
     bool UseCompressedOops                        = true                                 {lp64_product} {ergonomic}
     bool UseG1GC                                  = true                                      {product} {ergonomic}
     bool UseLargePagesIndividualAllocation        = false                                  {pd product} {ergonomic}

Logging:
Log output configuration:
 #0: stdout all=warning uptime,level,tags
 #1: stderr all=off uptime,level,tags

Environment Variables:
JAVA_HOME=C:\Program Files\Java\jdk-19
PATH=C:\Program Files\Git\mingw64\libexec\git-core;C:\Program Files\Git\mingw64\libexec\git-core;C:\Program Files\Git\mingw64\bin;C:\Program Files\Git\usr\bin;C:\Users\Sakibul Hasan\bin;C:\Program Files\Common Files\Oracle\Java\javapath;C:\WINDOWS\system32;C:\WINDOWS;C:\WINDOWS\System32\Wbem;C:\WINDOWS\System32\WindowsPowerShell\v1.0;C:\WINDOWS\System32\OpenSSH;C:\Program Files\nodejs;C:\ProgramData\chocolatey\bin;C:\Program Files\Git\cmd;C:\Program Files\dotnet;C:\Program Files\Java\jdk-19\bin;C:\Users\Sakibul Hasan\AppData\Local\Microsoft\WindowsApps;C:\Users\Sakibul Hasan\AppData\Local\Programs\Microsoft VS Code\bin;C:\Users\Sakibul Hasan\AppData\Roaming\npm;C:\Program Files\Java\jdk-18.0.2\bin
USERNAME=Sakibul Hasan
DISPLAY=:0.0
LC_ALL=en_US.UTF-8
OS=Windows_NT
PROCESSOR_IDENTIFIER=AMD64 Family 23 Model 24 Stepping 1, AuthenticAMD



---------------  S Y S T E M  ---------------

OS: Windows 11 , 64 bit Build 22621 (10.0.22621.1344)
OS uptime: 3 days 23:25 hours

CPU:total 8 (initial active 8) (8 cores per cpu, 2 threads per core) family 23 model 24 stepping 1 microcode 0x0, cmov, cx8, fxsr, mmx, sse, sse2, sse3, ssse3, sse4.1, sse4.2, popcnt, avx, avx2, aes, clmul, mmxext, 3dnowpref, lzcnt, sse4a, ht, tsc, tscinvbit, tscinv, bmi1, bmi2, adx, sha, fma

Memory: 4k page, system-wide physical 3531M (250M free)
TotalPageFile size 14283M (AvailPageFile size 32M)
current process WorkingSet (physical memory assigned to process): 11M, peak: 11M
current process commit charge ("private bytes"): 59M, peak: 115M

vm_info: OpenJDK 64-Bit Server VM (11.0.15+0-b2043.56-9505619) for windows-amd64 JRE (11.0.15+0-b2043.56-9505619), built on Jan 19 2023 02:48:00 by "builduser" with unknown MS VC++:1929

END.
